<?xml version="1.0" encoding="UTF-8"?>
<!-- Generated by org.testng.reporters.JUnitReportReporter -->
<testsuite hostname="DESKTOP-94A4818" failures="0" tests="1" name="seleniumPractice.Complex" time="23.199" errors="0" timestamp="2025-02-04T00:14:33 IST" skipped="0">
  <testcase classname="seleniumPractice.Complex" name="test1" time="23.199"/>
</testsuite> <!-- seleniumPractice.Complex -->
