<?xml version="1.0" encoding="UTF-8"?>
<!-- Generated by org.testng.reporters.JUnitReportReporter -->
<testsuite hostname="DESKTOP-94A4818" failures="0" tests="1" name="seleniumPractice.Basics" time="0.300" errors="0" timestamp="2025-02-03T18:31:02 IST" skipped="0">
  <testcase classname="seleniumPractice.Basics" name="test10" time="0.300"/>
</testsuite> <!-- seleniumPractice.Basics -->
